
========================[ Apr 2, 2011 10:54 AM ]========================
Version 2.2.16 [Mar-25-2007]
Started database file "../data/test_data/test_huidong/database.txt"
NOTE: CoreLib [002.003] FileOpen(".formatdbrc","r") failed
NOTE: CoreLib [002.003] FileOpen("/home/josh/.formatdbrc","r") failed
NOTE: [000.000] No number of link bits used found in config  file. Ignoring
NOTE: [000.000] No number of membership bits used found in config file. Ignoring
Formatted 627 sequences in volume 0
SUCCESS: formatted database /home/josh/Desktop/PRIMEGENStest/tmpDir_3531//virtual_database

========================[ Apr 2, 2011 10:57 AM ]========================
Version 2.2.16 [Mar-25-2007]
Started database file "../data/test_data/test_huidong/database.txt"
NOTE: CoreLib [002.003] FileOpen(".formatdbrc","r") failed
NOTE: CoreLib [002.003] FileOpen("/home/josh/.formatdbrc","r") failed
NOTE: [000.000] No number of link bits used found in config  file. Ignoring
NOTE: [000.000] No number of membership bits used found in config file. Ignoring
Formatted 627 sequences in volume 0
SUCCESS: formatted database /home/josh/Desktop/PRIMEGENStest/tmpDir_3712//virtual_database

========================[ Apr 2, 2011  1:56 PM ]========================
Version 2.2.16 [Mar-25-2007]
Started database file "../data/test_data/test_huidong/database.txt"
NOTE: CoreLib [002.003] FileOpen(".formatdbrc","r") failed
NOTE: CoreLib [002.003] FileOpen("/home/josh/.formatdbrc","r") failed
NOTE: [000.000] No number of link bits used found in config  file. Ignoring
NOTE: [000.000] No number of membership bits used found in config file. Ignoring
Formatted 627 sequences in volume 0
SUCCESS: formatted database /home/josh/Desktop/PRIMEGENStest/tmpDir_2314//virtual_database

========================[ Apr 2, 2011  2:08 PM ]========================
Version 2.2.16 [Mar-25-2007]
Started database file "../data/test_data/test_huidong/database.txt"
NOTE: CoreLib [002.003] FileOpen(".formatdbrc","r") failed
NOTE: CoreLib [002.003] FileOpen("/home/josh/.formatdbrc","r") failed
NOTE: [000.000] No number of link bits used found in config  file. Ignoring
NOTE: [000.000] No number of membership bits used found in config file. Ignoring
Formatted 627 sequences in volume 0
SUCCESS: formatted database /home/josh/Desktop/PRIMEGENStest/tmpDir_2771//virtual_database

========================[ Apr 2, 2011  2:15 PM ]========================
Version 2.2.16 [Mar-25-2007]
Started database file "../data/test_data/test_huidong/database.txt"
NOTE: CoreLib [002.003] FileOpen(".formatdbrc","r") failed
NOTE: CoreLib [002.003] FileOpen("/home/josh/.formatdbrc","r") failed
NOTE: [000.000] No number of link bits used found in config  file. Ignoring
NOTE: [000.000] No number of membership bits used found in config file. Ignoring
Formatted 627 sequences in volume 0
SUCCESS: formatted database /home/josh/Desktop/PRIMEGENStest/tmpDir_2966//virtual_database

========================[ Apr 2, 2011  2:34 PM ]========================
Version 2.2.16 [Mar-25-2007]
Started database file "../data/test_data/test_huidong/database.txt"
NOTE: CoreLib [002.003] FileOpen(".formatdbrc","r") failed
NOTE: CoreLib [002.003] FileOpen("/home/josh/.formatdbrc","r") failed
NOTE: [000.000] No number of link bits used found in config  file. Ignoring
NOTE: [000.000] No number of membership bits used found in config file. Ignoring
Formatted 627 sequences in volume 0
SUCCESS: formatted database /home/josh/Desktop/PRIMEGENStest/tmpDir_3421//virtual_database

========================[ Apr 2, 2011  7:49 PM ]========================
Version 2.2.16 [Mar-25-2007]
Started database file "../data/test_data/test_huidong/database.txt"
NOTE: CoreLib [002.003] FileOpen(".formatdbrc","r") failed
NOTE: CoreLib [002.003] FileOpen("/home/josh/.formatdbrc","r") failed
NOTE: [000.000] No number of link bits used found in config  file. Ignoring
NOTE: [000.000] No number of membership bits used found in config file. Ignoring
Formatted 627 sequences in volume 0
SUCCESS: formatted database /home/josh/Desktop/PRIMEGENStest/tmpDir_5419//virtual_database

========================[ Apr 4, 2011  3:40 PM ]========================
Version 2.2.16 [Mar-25-2007]
Started database file "../data/test_data/test_injeong/database.txt"
NOTE: CoreLib [002.003] FileOpen(".formatdbrc","r") failed
NOTE: CoreLib [002.003] FileOpen("/home/josh/.formatdbrc","r") failed
NOTE: [000.000] No number of link bits used found in config  file. Ignoring
NOTE: [000.000] No number of membership bits used found in config file. Ignoring
Formatted 929 sequences in volume 0
SUCCESS: formatted database /home/josh/Desktop/PRIMEGENStest/tmpDir_2377//virtual_database

========================[ Apr 4, 2011  4:02 PM ]========================
Version 2.2.16 [Mar-25-2007]
Started database file "../data/test_data/test_huidong/database.txt"
NOTE: CoreLib [002.003] FileOpen(".formatdbrc","r") failed
NOTE: CoreLib [002.003] FileOpen("/home/josh/.formatdbrc","r") failed
NOTE: [000.000] No number of link bits used found in config  file. Ignoring
NOTE: [000.000] No number of membership bits used found in config file. Ignoring
Formatted 627 sequences in volume 0
SUCCESS: formatted database /home/josh/Desktop/PRIMEGENStest/tmpDir_2694//virtual_database

========================[ Apr 4, 2011  4:04 PM ]========================
Version 2.2.16 [Mar-25-2007]
Started database file "../data/test_data/test_injeong/database.txt"
NOTE: CoreLib [002.003] FileOpen(".formatdbrc","r") failed
NOTE: CoreLib [002.003] FileOpen("/home/josh/.formatdbrc","r") failed
NOTE: [000.000] No number of link bits used found in config  file. Ignoring
NOTE: [000.000] No number of membership bits used found in config file. Ignoring
Formatted 929 sequences in volume 0
SUCCESS: formatted database /home/josh/Desktop/PRIMEGENStest/tmpDir_2717//virtual_database

========================[ Apr 4, 2011 11:32 PM ]========================
Version 2.2.16 [Mar-25-2007]
Started database file "../data/test_data/test_huidong/database.txt"
NOTE: CoreLib [002.003] FileOpen(".formatdbrc","r") failed
NOTE: CoreLib [002.003] FileOpen("/home/josh/.formatdbrc","r") failed
NOTE: [000.000] No number of link bits used found in config  file. Ignoring
NOTE: [000.000] No number of membership bits used found in config file. Ignoring
Formatted 627 sequences in volume 0
SUCCESS: formatted database /home/josh/Desktop/PRIMEGENStest/tmpDir_3917//virtual_database

========================[ Apr 4, 2011 11:33 PM ]========================
Version 2.2.16 [Mar-25-2007]
Started database file "../data/test_data/test_injeong/database.txt"
NOTE: CoreLib [002.003] FileOpen(".formatdbrc","r") failed
NOTE: CoreLib [002.003] FileOpen("/home/josh/.formatdbrc","r") failed
NOTE: [000.000] No number of link bits used found in config  file. Ignoring
NOTE: [000.000] No number of membership bits used found in config file. Ignoring
Formatted 929 sequences in volume 0
SUCCESS: formatted database /home/josh/Desktop/PRIMEGENStest/tmpDir_3942//virtual_database
